2018-11-22 15:28:45.187 [main] INFO  com.alibaba.dubbo.common.logger.LoggerFactory - using logger: com.alibaba.dubbo.common.logger.log4j.Log4jLoggerAdapter
2018-11-22 15:28:45.337 [main] INFO  ivg.cn.member.service.App - Starting App on chengshenggen with PID 12616 (E:\java_work\framework\V4\FLY-Member\Member-Service\target\classes started by Administrator in E:\java_work\framework\V4\FLY-Member\Member-Service)
2018-11-22 15:28:45.337 [main] INFO  ivg.cn.member.service.App - No active profile set, falling back to default profiles: default
2018-11-22 15:28:45.393 [main] INFO  o.springframework.context.annotation.AnnotationConfigApplicationContext - Refreshing org.springframework.context.annotation.AnnotationConfigApplicationContext@2d1ef81a: startup date [Thu Nov 22 15:28:45 CST 2018]; root of context hierarchy
2018-11-22 15:28:46.000 [main] INFO  c.a.d.c.s.beans.factory.annotation.ServiceAnnotationBeanPostProcessor -  [DUBBO] BeanNameGenerator bean can't be found in BeanFactory with name [org.springframework.context.annotation.internalConfigurationBeanNameGenerator], dubbo version: 2.6.0, current host: 127.0.0.1
2018-11-22 15:28:46.000 [main] INFO  c.a.d.c.s.beans.factory.annotation.ServiceAnnotationBeanPostProcessor -  [DUBBO] BeanNameGenerator will be a instance of org.springframework.context.annotation.AnnotationBeanNameGenerator , it maybe a potential problem on bean name generation., dubbo version: 2.6.0, current host: 127.0.0.1
2018-11-22 15:28:46.001 [main] INFO  c.a.d.c.s.beans.factory.annotation.ServiceAnnotationBeanPostProcessor -  [DUBBO] No Spring Bean annotating Dubbo's @Service was found in Spring BeanFactory , it maybe that some bean was also annotated @Component ., dubbo version: 2.6.0, current host: 127.0.0.1
2018-11-22 15:28:46.001 [main] INFO  c.a.d.c.s.beans.factory.annotation.ServiceAnnotationBeanPostProcessor -  [DUBBO] It will try to find all Bean types annotating Dubbo's @Service from all Bean Definitions, dubbo version: 2.6.0, current host: 127.0.0.1
2018-11-22 15:28:46.002 [main] WARN  c.a.d.c.s.beans.factory.annotation.ServiceAnnotationBeanPostProcessor -  [DUBBO] No Spring Bean annotating Dubbo's @Service was found in Spring BeanFactory, dubbo version: 2.6.0, current host: 127.0.0.1
2018-11-22 15:28:46.837 [main] INFO  org.springframework.jmx.export.annotation.AnnotationMBeanExporter - Registering beans for JMX exposure on startup
2018-11-22 15:28:46.840 [main] INFO  org.springframework.boot.actuate.endpoint.jmx.EndpointMBeanExporter - Registering beans for JMX exposure on startup
2018-11-22 15:28:46.884 [main] INFO  org.springframework.context.support.DefaultLifecycleProcessor - Starting beans in phase 0
2018-11-22 15:28:46.944 [main] INFO  org.springframework.boot.actuate.endpoint.jmx.EndpointMBeanExporter - Located managed bean 'environmentEndpoint': registering with JMX server as MBean [org.springframework.boot:type=Endpoint,name=environmentEndpoint]
2018-11-22 15:28:46.964 [main] INFO  org.springframework.boot.actuate.endpoint.jmx.EndpointMBeanExporter - Located managed bean 'healthEndpoint': registering with JMX server as MBean [org.springframework.boot:type=Endpoint,name=healthEndpoint]
2018-11-22 15:28:46.969 [main] INFO  org.springframework.boot.actuate.endpoint.jmx.EndpointMBeanExporter - Located managed bean 'beansEndpoint': registering with JMX server as MBean [org.springframework.boot:type=Endpoint,name=beansEndpoint]
2018-11-22 15:28:46.971 [main] INFO  org.springframework.boot.actuate.endpoint.jmx.EndpointMBeanExporter - Located managed bean 'infoEndpoint': registering with JMX server as MBean [org.springframework.boot:type=Endpoint,name=infoEndpoint]
2018-11-22 15:28:46.974 [main] INFO  org.springframework.boot.actuate.endpoint.jmx.EndpointMBeanExporter - Located managed bean 'metricsEndpoint': registering with JMX server as MBean [org.springframework.boot:type=Endpoint,name=metricsEndpoint]
2018-11-22 15:28:46.977 [main] INFO  org.springframework.boot.actuate.endpoint.jmx.EndpointMBeanExporter - Located managed bean 'traceEndpoint': registering with JMX server as MBean [org.springframework.boot:type=Endpoint,name=traceEndpoint]
2018-11-22 15:28:46.980 [main] INFO  org.springframework.boot.actuate.endpoint.jmx.EndpointMBeanExporter - Located managed bean 'dumpEndpoint': registering with JMX server as MBean [org.springframework.boot:type=Endpoint,name=dumpEndpoint]
2018-11-22 15:28:46.982 [main] INFO  org.springframework.boot.actuate.endpoint.jmx.EndpointMBeanExporter - Located managed bean 'autoConfigurationReportEndpoint': registering with JMX server as MBean [org.springframework.boot:type=Endpoint,name=autoConfigurationReportEndpoint]
2018-11-22 15:28:46.987 [main] INFO  org.springframework.boot.actuate.endpoint.jmx.EndpointMBeanExporter - Located managed bean 'configurationPropertiesReportEndpoint': registering with JMX server as MBean [org.springframework.boot:type=Endpoint,name=configurationPropertiesReportEndpoint]
2018-11-22 15:28:47.033 [main] INFO  ivg.cn.member.service.App - Started App in 2.189 seconds (JVM running for 2.577)
2018-11-22 15:28:47.033 [main] INFO  ivg.cn.member.service.App - PrintServiceStartup success.
2018-11-22 15:28:47.034 [Thread-5] INFO  o.springframework.context.annotation.AnnotationConfigApplicationContext - Closing org.springframework.context.annotation.AnnotationConfigApplicationContext@2d1ef81a: startup date [Thu Nov 22 15:28:45 CST 2018]; root of context hierarchy
2018-11-22 15:28:47.035 [Thread-5] INFO  org.springframework.context.support.DefaultLifecycleProcessor - Stopping beans in phase 0
2018-11-22 15:28:47.036 [Thread-5] INFO  org.springframework.boot.actuate.endpoint.jmx.EndpointMBeanExporter - Unregistering JMX-exposed beans on shutdown
2018-11-22 15:28:47.036 [Thread-5] INFO  org.springframework.boot.actuate.endpoint.jmx.EndpointMBeanExporter - Unregistering JMX-exposed beans
2018-11-22 15:28:47.037 [Thread-5] INFO  org.springframework.jmx.export.annotation.AnnotationMBeanExporter - Unregistering JMX-exposed beans on shutdown
2018-11-22 15:28:47.037 [Thread-5] INFO  c.a.d.c.s.beans.factory.annotation.ReferenceAnnotationBeanPostProcessor - class com.alibaba.dubbo.config.spring.beans.factory.annotation.ReferenceAnnotationBeanPostProcessor was destroying!
